10-Apr-2025 14:50:45.083 INFO [main] org.apache.catalina.startup.VersionLoggerListener.log Имя версии сервера:    Apache Tomcat/9.0.104
10-Apr-2025 14:50:45.087 INFO [main] org.apache.catalina.startup.VersionLoggerListener.log Сервер собран:         Apr 4 2025 12:32:55 UTC
10-Apr-2025 14:50:45.088 INFO [main] org.apache.catalina.startup.VersionLoggerListener.log Номер версии сервера:  9.0.104.0
10-Apr-2025 14:50:45.088 INFO [main] org.apache.catalina.startup.VersionLoggerListener.log OS Name:               Windows 11
10-Apr-2025 14:50:45.088 INFO [main] org.apache.catalina.startup.VersionLoggerListener.log Версия ОС:             10.0
10-Apr-2025 14:50:45.088 INFO [main] org.apache.catalina.startup.VersionLoggerListener.log Архитектура:           amd64
10-Apr-2025 14:50:45.088 INFO [main] org.apache.catalina.startup.VersionLoggerListener.log Java Home:             D:\work\java
10-Apr-2025 14:50:45.088 INFO [main] org.apache.catalina.startup.VersionLoggerListener.log Версия JVM:            22+36-2370
10-Apr-2025 14:50:45.089 INFO [main] org.apache.catalina.startup.VersionLoggerListener.log Производитель JVM:     Oracle Corporation
10-Apr-2025 14:50:45.089 INFO [main] org.apache.catalina.startup.VersionLoggerListener.log CATALINA_BASE:         D:\work\Эл жено\Web_main
10-Apr-2025 14:50:45.089 INFO [main] org.apache.catalina.startup.VersionLoggerListener.log CATALINA_HOME:         D:\work\apache-tomcat-9.0.104
10-Apr-2025 14:50:45.097 INFO [main] org.apache.catalina.startup.VersionLoggerListener.log Command line argument: --add-opens=java.base/java.lang=ALL-UNNAMED
10-Apr-2025 14:50:45.097 INFO [main] org.apache.catalina.startup.VersionLoggerListener.log Command line argument: --add-opens=java.base/java.io=ALL-UNNAMED
10-Apr-2025 14:50:45.097 INFO [main] org.apache.catalina.startup.VersionLoggerListener.log Command line argument: --add-opens=java.base/java.util=ALL-UNNAMED
10-Apr-2025 14:50:45.097 INFO [main] org.apache.catalina.startup.VersionLoggerListener.log Command line argument: --add-opens=java.base/java.util.concurrent=ALL-UNNAMED
10-Apr-2025 14:50:45.097 INFO [main] org.apache.catalina.startup.VersionLoggerListener.log Command line argument: --add-opens=java.rmi/sun.rmi.transport=ALL-UNNAMED
10-Apr-2025 14:50:45.097 INFO [main] org.apache.catalina.startup.VersionLoggerListener.log Command line argument: -Dcatalina.home=D:\work\apache-tomcat-9.0.104
10-Apr-2025 14:50:45.097 INFO [main] org.apache.catalina.startup.VersionLoggerListener.log Command line argument: -Dcatalina.base=D:\work\Эл жено\Web_main
10-Apr-2025 14:50:45.097 INFO [main] org.apache.catalina.startup.VersionLoggerListener.log Command line argument: -Djava.io.tmpdir=D:\work\Эл жено\Web_main\temp
10-Apr-2025 14:50:45.097 INFO [main] org.apache.catalina.startup.VersionLoggerListener.log Command line argument: -Djava.util.logging.config.file=D:\work\Эл жено\Web_main\conf\logging.properties
10-Apr-2025 14:50:45.099 INFO [main] org.apache.catalina.startup.VersionLoggerListener.log Command line argument: -Djava.util.logging.manager=org.apache.juli.ClassLoaderLogManager
10-Apr-2025 14:50:45.099 INFO [main] org.apache.catalina.startup.VersionLoggerListener.log Command line argument: -javaagent:C:\Users\User\AppData\Local\Programs\IntelliJ IDEA Community Edition\lib\idea_rt.jar=52293
10-Apr-2025 14:50:45.099 INFO [main] org.apache.catalina.startup.VersionLoggerListener.log Command line argument: -Dfile.encoding=UTF-8
10-Apr-2025 14:50:45.099 INFO [main] org.apache.catalina.startup.VersionLoggerListener.log Command line argument: -Dsun.stdout.encoding=UTF-8
10-Apr-2025 14:50:45.099 INFO [main] org.apache.catalina.startup.VersionLoggerListener.log Command line argument: -Dsun.stderr.encoding=UTF-8
10-Apr-2025 14:50:45.108 INFO [main] org.apache.catalina.core.AprLifecycleListener.lifecycleEvent The Apache Tomcat Native library which allows using OpenSSL was not found on the java.library.path: [D:\work\java\bin;C:\WINDOWS\Sun\Java\bin;C:\WINDOWS\system32;C:\WINDOWS;C:\Program Files\Common Files\Oracle\Java\javapath;C:\Program Files (x86)\Common Files\Oracle\Java\javapath;C:\WINDOWS\system32;C:\WINDOWS;C:\WINDOWS\System32\Wbem;C:\WINDOWS\System32\WindowsPowerShell\v1.0\;C:\WINDOWS\System32\OpenSSH\;C:\Program Files (x86)\Common Files\Acronis\SnapAPI\;C:\Program Files\Microsoft SQL Server\150\Tools\Binn\;C:\Program Files\Microsoft SQL Server\Client SDK\ODBC\170\Tools\Binn\;C:\Program Files\Git\cmd;D:\work\bin;C:\Program Files\dotnet\;C:\Users\User\AppData\Local\Microsoft\WindowsApps;C:\Users\User\AppData\Local\Programs\Microsoft VS Code\bin;C:\Users\User\.dotnet\tools;C:\Users\User\AppData\Local\JetBrains\Toolbox\scripts;C:\Users\User\.dotnet\tools;C:\Users\User\AppData\Local\Microsoft\WindowsApps;D:\work\apache-maven-3.9.9\bin;D:\work\gradle-8.12\bin;.]
10-Apr-2025 14:50:45.543 INFO [main] org.apache.coyote.AbstractProtocol.init Инициализация ProtocolHandler ["http-nio-8080"]
10-Apr-2025 14:50:45.553 SEVERE [main] org.apache.catalina.util.LifecycleBase.handleSubClassException Ошибка инициализации компонента [Connector["http-nio-8080"]]
	org.apache.catalina.LifecycleException: Protocol handler initialization failed
		at org.apache.catalina.connector.Connector.initInternal(Connector.java:1048)
		at org.apache.catalina.util.LifecycleBase.init(LifecycleBase.java:122)
		at org.apache.catalina.core.StandardService.initInternal(StandardService.java:522)
		at org.apache.catalina.util.LifecycleBase.init(LifecycleBase.java:122)
		at org.apache.catalina.core.StandardServer.initInternal(StandardServer.java:986)
		at org.apache.catalina.util.LifecycleBase.init(LifecycleBase.java:122)
		at org.apache.catalina.startup.Catalina.load(Catalina.java:690)
		at org.apache.catalina.startup.Catalina.load(Catalina.java:713)
		at java.base/jdk.internal.reflect.DirectMethodHandleAccessor.invoke(DirectMethodHandleAccessor.java:103)
		at java.base/java.lang.reflect.Method.invoke(Method.java:580)
		at org.apache.catalina.startup.Bootstrap.load(Bootstrap.java:302)
		at org.apache.catalina.startup.Bootstrap.main(Bootstrap.java:475)
	Caused by: java.net.BindException: Address already in use: bind
		at java.base/sun.nio.ch.Net.bind0(Native Method)
		at java.base/sun.nio.ch.Net.bind(Net.java:565)
		at java.base/sun.nio.ch.ServerSocketChannelImpl.netBind(ServerSocketChannelImpl.java:344)
		at java.base/sun.nio.ch.ServerSocketChannelImpl.bind(ServerSocketChannelImpl.java:301)
		at org.apache.tomcat.util.net.NioEndpoint.initServerSocket(NioEndpoint.java:268)
		at org.apache.tomcat.util.net.NioEndpoint.bind(NioEndpoint.java:223)
		at org.apache.tomcat.util.net.AbstractEndpoint.bindWithCleanup(AbstractEndpoint.java:1373)
		at org.apache.tomcat.util.net.AbstractEndpoint.init(AbstractEndpoint.java:1386)
		at org.apache.coyote.AbstractProtocol.init(AbstractProtocol.java:663)
		at org.apache.coyote.http11.AbstractHttp11Protocol.init(AbstractHttp11Protocol.java:80)
		at org.apache.catalina.connector.Connector.initInternal(Connector.java:1046)
		... 11 more
10-Apr-2025 14:50:45.556 INFO [main] org.apache.catalina.startup.Catalina.load Server initialization in [787] milliseconds
10-Apr-2025 14:50:45.610 INFO [main] org.apache.catalina.core.StandardService.startInternal Starting service [Catalina]
10-Apr-2025 14:50:45.610 INFO [main] org.apache.catalina.core.StandardEngine.startInternal Starting Servlet engine: [Apache Tomcat/9.0.104]
10-Apr-2025 14:50:45.620 INFO [main] org.apache.catalina.startup.HostConfig.deployDescriptor Deploying deployment descriptor [D:\work\Эл жено\Web_main\conf\Catalina\localhost\ROOT.xml]
10-Apr-2025 14:50:46.129 INFO [main] org.apache.jasper.servlet.TldScanner.scanJars At least one JAR was scanned for TLDs yet contained no TLDs. Enable debug logging for this logger for a complete list of JARs that were scanned but no TLDs were found in them. Skipping unneeded JARs during scanning can improve startup time and JSP compilation time.
10-Apr-2025 14:50:46.185 INFO [main] org.apache.catalina.startup.HostConfig.deployDescriptor Deployment of deployment descriptor [D:\work\Эл жено\Web_main\conf\Catalina\localhost\ROOT.xml] has finished in [563] ms
10-Apr-2025 14:50:46.197 INFO [main] org.apache.catalina.startup.Catalina.start Server startup in [640] milliseconds
10-Apr-2025 14:52:25.019 INFO [Thread-1] org.apache.coyote.AbstractProtocol.pause Pausing ProtocolHandler ["http-nio-8080"]
10-Apr-2025 14:52:25.020 INFO [Thread-1] org.apache.catalina.core.StandardService.stopInternal Stopping service [Catalina]
10-Apr-2025 14:52:25.035 INFO [Thread-1] org.apache.coyote.AbstractProtocol.stop Stopping ProtocolHandler ["http-nio-8080"]
10-Apr-2025 14:52:25.036 INFO [Thread-1] org.apache.coyote.AbstractProtocol.destroy Destroying ProtocolHandler ["http-nio-8080"]
10-Apr-2025 14:54:36.679 INFO [main] org.apache.catalina.startup.VersionLoggerListener.log Имя версии сервера:    Apache Tomcat/9.0.104
10-Apr-2025 14:54:36.684 INFO [main] org.apache.catalina.startup.VersionLoggerListener.log Сервер собран:         Apr 4 2025 12:32:55 UTC
10-Apr-2025 14:54:36.684 INFO [main] org.apache.catalina.startup.VersionLoggerListener.log Номер версии сервера:  9.0.104.0
10-Apr-2025 14:54:36.684 INFO [main] org.apache.catalina.startup.VersionLoggerListener.log OS Name:               Windows 11
10-Apr-2025 14:54:36.684 INFO [main] org.apache.catalina.startup.VersionLoggerListener.log Версия ОС:             10.0
10-Apr-2025 14:54:36.684 INFO [main] org.apache.catalina.startup.VersionLoggerListener.log Архитектура:           amd64
10-Apr-2025 14:54:36.684 INFO [main] org.apache.catalina.startup.VersionLoggerListener.log Java Home:             D:\work\java
10-Apr-2025 14:54:36.684 INFO [main] org.apache.catalina.startup.VersionLoggerListener.log Версия JVM:            22+36-2370
10-Apr-2025 14:54:36.685 INFO [main] org.apache.catalina.startup.VersionLoggerListener.log Производитель JVM:     Oracle Corporation
10-Apr-2025 14:54:36.685 INFO [main] org.apache.catalina.startup.VersionLoggerListener.log CATALINA_BASE:         D:\work\Эл жено\Web_main
10-Apr-2025 14:54:36.685 INFO [main] org.apache.catalina.startup.VersionLoggerListener.log CATALINA_HOME:         D:\work\apache-tomcat-9.0.104
10-Apr-2025 14:54:36.695 INFO [main] org.apache.catalina.startup.VersionLoggerListener.log Command line argument: --add-opens=java.base/java.lang=ALL-UNNAMED
10-Apr-2025 14:54:36.695 INFO [main] org.apache.catalina.startup.VersionLoggerListener.log Command line argument: --add-opens=java.base/java.io=ALL-UNNAMED
10-Apr-2025 14:54:36.695 INFO [main] org.apache.catalina.startup.VersionLoggerListener.log Command line argument: --add-opens=java.base/java.util=ALL-UNNAMED
10-Apr-2025 14:54:36.696 INFO [main] org.apache.catalina.startup.VersionLoggerListener.log Command line argument: --add-opens=java.base/java.util.concurrent=ALL-UNNAMED
10-Apr-2025 14:54:36.696 INFO [main] org.apache.catalina.startup.VersionLoggerListener.log Command line argument: --add-opens=java.rmi/sun.rmi.transport=ALL-UNNAMED
10-Apr-2025 14:54:36.696 INFO [main] org.apache.catalina.startup.VersionLoggerListener.log Command line argument: -Dcatalina.home=D:\work\apache-tomcat-9.0.104
10-Apr-2025 14:54:36.696 INFO [main] org.apache.catalina.startup.VersionLoggerListener.log Command line argument: -Dcatalina.base=D:\work\Эл жено\Web_main
10-Apr-2025 14:54:36.696 INFO [main] org.apache.catalina.startup.VersionLoggerListener.log Command line argument: -Djava.io.tmpdir=D:\work\Эл жено\Web_main\temp
10-Apr-2025 14:54:36.697 INFO [main] org.apache.catalina.startup.VersionLoggerListener.log Command line argument: -Djava.util.logging.config.file=D:\work\Эл жено\Web_main\conf\logging.properties
10-Apr-2025 14:54:36.697 INFO [main] org.apache.catalina.startup.VersionLoggerListener.log Command line argument: -Djava.util.logging.manager=org.apache.juli.ClassLoaderLogManager
10-Apr-2025 14:54:36.697 INFO [main] org.apache.catalina.startup.VersionLoggerListener.log Command line argument: -javaagent:C:\Users\User\AppData\Local\Programs\IntelliJ IDEA Community Edition\lib\idea_rt.jar=52487
10-Apr-2025 14:54:36.697 INFO [main] org.apache.catalina.startup.VersionLoggerListener.log Command line argument: -Dfile.encoding=UTF-8
10-Apr-2025 14:54:36.697 INFO [main] org.apache.catalina.startup.VersionLoggerListener.log Command line argument: -Dsun.stdout.encoding=UTF-8
10-Apr-2025 14:54:36.698 INFO [main] org.apache.catalina.startup.VersionLoggerListener.log Command line argument: -Dsun.stderr.encoding=UTF-8
10-Apr-2025 14:54:36.711 INFO [main] org.apache.catalina.core.AprLifecycleListener.lifecycleEvent The Apache Tomcat Native library which allows using OpenSSL was not found on the java.library.path: [D:\work\java\bin;C:\WINDOWS\Sun\Java\bin;C:\WINDOWS\system32;C:\WINDOWS;C:\Program Files\Common Files\Oracle\Java\javapath;C:\Program Files (x86)\Common Files\Oracle\Java\javapath;C:\WINDOWS\system32;C:\WINDOWS;C:\WINDOWS\System32\Wbem;C:\WINDOWS\System32\WindowsPowerShell\v1.0\;C:\WINDOWS\System32\OpenSSH\;C:\Program Files (x86)\Common Files\Acronis\SnapAPI\;C:\Program Files\Microsoft SQL Server\150\Tools\Binn\;C:\Program Files\Microsoft SQL Server\Client SDK\ODBC\170\Tools\Binn\;C:\Program Files\Git\cmd;D:\work\bin;C:\Program Files\dotnet\;C:\Users\User\AppData\Local\Microsoft\WindowsApps;C:\Users\User\AppData\Local\Programs\Microsoft VS Code\bin;C:\Users\User\.dotnet\tools;C:\Users\User\AppData\Local\JetBrains\Toolbox\scripts;C:\Users\User\.dotnet\tools;C:\Users\User\AppData\Local\Microsoft\WindowsApps;D:\work\apache-maven-3.9.9\bin;D:\work\gradle-8.12\bin;.]
10-Apr-2025 14:54:37.222 INFO [main] org.apache.coyote.AbstractProtocol.init Инициализация ProtocolHandler ["http-nio-8080"]
10-Apr-2025 14:54:37.236 SEVERE [main] org.apache.catalina.util.LifecycleBase.handleSubClassException Ошибка инициализации компонента [Connector["http-nio-8080"]]
	org.apache.catalina.LifecycleException: Protocol handler initialization failed
		at org.apache.catalina.connector.Connector.initInternal(Connector.java:1048)
		at org.apache.catalina.util.LifecycleBase.init(LifecycleBase.java:122)
		at org.apache.catalina.core.StandardService.initInternal(StandardService.java:522)
		at org.apache.catalina.util.LifecycleBase.init(LifecycleBase.java:122)
		at org.apache.catalina.core.StandardServer.initInternal(StandardServer.java:986)
		at org.apache.catalina.util.LifecycleBase.init(LifecycleBase.java:122)
		at org.apache.catalina.startup.Catalina.load(Catalina.java:690)
		at org.apache.catalina.startup.Catalina.load(Catalina.java:713)
		at java.base/jdk.internal.reflect.DirectMethodHandleAccessor.invoke(DirectMethodHandleAccessor.java:103)
		at java.base/java.lang.reflect.Method.invoke(Method.java:580)
		at org.apache.catalina.startup.Bootstrap.load(Bootstrap.java:302)
		at org.apache.catalina.startup.Bootstrap.main(Bootstrap.java:475)
	Caused by: java.net.BindException: Address already in use: bind
		at java.base/sun.nio.ch.Net.bind0(Native Method)
		at java.base/sun.nio.ch.Net.bind(Net.java:565)
		at java.base/sun.nio.ch.ServerSocketChannelImpl.netBind(ServerSocketChannelImpl.java:344)
		at java.base/sun.nio.ch.ServerSocketChannelImpl.bind(ServerSocketChannelImpl.java:301)
		at org.apache.tomcat.util.net.NioEndpoint.initServerSocket(NioEndpoint.java:268)
		at org.apache.tomcat.util.net.NioEndpoint.bind(NioEndpoint.java:223)
		at org.apache.tomcat.util.net.AbstractEndpoint.bindWithCleanup(AbstractEndpoint.java:1373)
		at org.apache.tomcat.util.net.AbstractEndpoint.init(AbstractEndpoint.java:1386)
		at org.apache.coyote.AbstractProtocol.init(AbstractProtocol.java:663)
		at org.apache.coyote.http11.AbstractHttp11Protocol.init(AbstractHttp11Protocol.java:80)
		at org.apache.catalina.connector.Connector.initInternal(Connector.java:1046)
		... 11 more
10-Apr-2025 14:54:37.239 INFO [main] org.apache.catalina.startup.Catalina.load Server initialization in [858] milliseconds
10-Apr-2025 14:54:37.301 INFO [main] org.apache.catalina.core.StandardService.startInternal Starting service [Catalina]
10-Apr-2025 14:54:37.302 INFO [main] org.apache.catalina.core.StandardEngine.startInternal Starting Servlet engine: [Apache Tomcat/9.0.104]
10-Apr-2025 14:54:37.316 INFO [main] org.apache.catalina.startup.HostConfig.deployDescriptor Deploying deployment descriptor [D:\work\Эл жено\Web_main\conf\Catalina\localhost\ROOT.xml]
10-Apr-2025 14:54:37.903 INFO [main] org.apache.jasper.servlet.TldScanner.scanJars At least one JAR was scanned for TLDs yet contained no TLDs. Enable debug logging for this logger for a complete list of JARs that were scanned but no TLDs were found in them. Skipping unneeded JARs during scanning can improve startup time and JSP compilation time.
10-Apr-2025 14:54:37.965 INFO [main] org.apache.catalina.startup.HostConfig.deployDescriptor Deployment of deployment descriptor [D:\work\Эл жено\Web_main\conf\Catalina\localhost\ROOT.xml] has finished in [646] ms
10-Apr-2025 14:54:37.971 INFO [main] org.apache.catalina.startup.Catalina.start Server startup in [731] milliseconds
10-Apr-2025 14:54:46.396 INFO [Thread-1] org.apache.coyote.AbstractProtocol.pause Pausing ProtocolHandler ["http-nio-8080"]
10-Apr-2025 14:54:46.396 INFO [Thread-1] org.apache.catalina.core.StandardService.stopInternal Stopping service [Catalina]
10-Apr-2025 14:54:46.407 INFO [Thread-1] org.apache.coyote.AbstractProtocol.stop Stopping ProtocolHandler ["http-nio-8080"]
10-Apr-2025 14:54:46.408 INFO [Thread-1] org.apache.coyote.AbstractProtocol.destroy Destroying ProtocolHandler ["http-nio-8080"]
